[0103/093128.630:ERROR:directory_reader_win.cc(43)] FindFirstFile: The system cannot find the path specified. (0x3)
[0104/135732.388:ERROR:directory_reader_win.cc(43)] FindFirstFile: The system cannot find the path specified. (0x3)
[0104/135732.778:ERROR:filesystem_win.cc(129)] GetFileAttributes C:\Users\sihora\AppData\Local\Google\Chrome\User Data\Crashpad\attachments\da8c596c-944a-4646-93e7-c6e071d50114: The system cannot find the path specified. (0x3)
[0104/135732.993:ERROR:filesystem_win.cc(129)] GetFileAttributes C:\Users\sihora\AppData\Local\Google\Chrome\User Data\Crashpad\attachments\a846b0cf-d30a-4a5a-830d-c86ff4ffecfe: The system cannot find the path specified. (0x3)
[0104/135733.006:ERROR:filesystem_win.cc(129)] GetFileAttributes C:\Users\sihora\AppData\Local\Google\Chrome\User Data\Crashpad\attachments\f6d7810c-a727-4693-9cb1-ed47a3feacd5: The system cannot find the path specified. (0x3)
[0104/135733.016:ERROR:filesystem_win.cc(129)] GetFileAttributes C:\Users\sihora\AppData\Local\Google\Chrome\User Data\Crashpad\attachments\79e3a875-b829-4883-a7f8-95b134c13e5d: The system cannot find the path specified. (0x3)
[0104/135733.026:ERROR:filesystem_win.cc(129)] GetFileAttributes C:\Users\sihora\AppData\Local\Google\Chrome\User Data\Crashpad\attachments\ba6a4dd9-cd51-4cd3-bb4e-fecc2adc1634: The system cannot find the path specified. (0x3)
[0104/135733.038:ERROR:filesystem_win.cc(129)] GetFileAttributes C:\Users\sihora\AppData\Local\Google\Chrome\User Data\Crashpad\attachments\38f1a0ca-5040-4fc5-9e28-b32732dd197f: The system cannot find the path specified. (0x3)
[0104/135733.048:ERROR:filesystem_win.cc(129)] GetFileAttributes C:\Users\sihora\AppData\Local\Google\Chrome\User Data\Crashpad\attachments\8a44c022-103a-4e36-86cc-221ac2600622: The system cannot find the path specified. (0x3)
[0104/135733.061:ERROR:filesystem_win.cc(129)] GetFileAttributes C:\Users\sihora\AppData\Local\Google\Chrome\User Data\Crashpad\attachments\a7fa863d-3a07-43e5-a378-c162ed3baf0a: The system cannot find the path specified. (0x3)
[0104/135733.071:ERROR:filesystem_win.cc(129)] GetFileAttributes C:\Users\sihora\AppData\Local\Google\Chrome\User Data\Crashpad\attachments\9ab9bfc6-e0ec-4329-b776-ee5e8a625c4a: The system cannot find the path specified. (0x3)
[0104/135733.081:ERROR:filesystem_win.cc(129)] GetFileAttributes C:\Users\sihora\AppData\Local\Google\Chrome\User Data\Crashpad\attachments\e7ccd47a-fbd3-4cf4-af0b-3118ad1ed067: The system cannot find the path specified. (0x3)
[0104/135733.091:ERROR:filesystem_win.cc(129)] GetFileAttributes C:\Users\sihora\AppData\Local\Google\Chrome\User Data\Crashpad\attachments\3f97c9c6-cf54-462b-9a44-3e39fcbdbfe6: The system cannot find the path specified. (0x3)
[0104/135733.103:ERROR:filesystem_win.cc(129)] GetFileAttributes C:\Users\sihora\AppData\Local\Google\Chrome\User Data\Crashpad\attachments\2c1658a5-c5bd-4c98-a3cb-3a82d2038bc7: The system cannot find the path specified. (0x3)
[0104/135733.113:ERROR:filesystem_win.cc(129)] GetFileAttributes C:\Users\sihora\AppData\Local\Google\Chrome\User Data\Crashpad\attachments\6e7c3847-8b0c-4aa7-825e-1249294d9fa1: The system cannot find the path specified. (0x3)
[0104/135733.123:ERROR:filesystem_win.cc(129)] GetFileAttributes C:\Users\sihora\AppData\Local\Google\Chrome\User Data\Crashpad\attachments\19b09399-0dda-4b0d-b414-f02e15285f7f: The system cannot find the path specified. (0x3)
[0104/135733.133:ERROR:filesystem_win.cc(129)] GetFileAttributes C:\Users\sihora\AppData\Local\Google\Chrome\User Data\Crashpad\attachments\c81f074b-84d2-4dd3-acc6-a23970468f25: The system cannot find the path specified. (0x3)
[0104/135733.143:ERROR:filesystem_win.cc(129)] GetFileAttributes C:\Users\sihora\AppData\Local\Google\Chrome\User Data\Crashpad\attachments\5b7aecb7-1623-4a17-b5cc-27851309e0d2: The system cannot find the path specified. (0x3)
[0104/135733.153:ERROR:filesystem_win.cc(129)] GetFileAttributes C:\Users\sihora\AppData\Local\Google\Chrome\User Data\Crashpad\attachments\fc5c6290-9c7b-48a7-901d-1c037c9e21fd: The system cannot find the path specified. (0x3)
[0104/135733.163:ERROR:filesystem_win.cc(129)] GetFileAttributes C:\Users\sihora\AppData\Local\Google\Chrome\User Data\Crashpad\attachments\76918519-2c98-441b-a567-720522b58260: The system cannot find the path specified. (0x3)
[0104/135733.173:ERROR:filesystem_win.cc(129)] GetFileAttributes C:\Users\sihora\AppData\Local\Google\Chrome\User Data\Crashpad\attachments\ae9cf0e2-dfad-400b-a5ea-27ee76936d0d: The system cannot find the path specified. (0x3)
[0104/135733.183:ERROR:filesystem_win.cc(129)] GetFileAttributes C:\Users\sihora\AppData\Local\Google\Chrome\User Data\Crashpad\attachments\562e64eb-fd46-4731-b518-ab5fe3f93230: The system cannot find the path specified. (0x3)
[0104/135733.193:ERROR:filesystem_win.cc(129)] GetFileAttributes C:\Users\sihora\AppData\Local\Google\Chrome\User Data\Crashpad\attachments\db32b383-2882-4425-a91a-919e0dc7bc13: The system cannot find the path specified. (0x3)
[0104/135733.201:ERROR:filesystem_win.cc(129)] GetFileAttributes C:\Users\sihora\AppData\Local\Google\Chrome\User Data\Crashpad\attachments\dbef09f6-9a32-4374-8f0f-790394b47ff3: The system cannot find the path specified. (0x3)
[0104/135733.211:ERROR:filesystem_win.cc(129)] GetFileAttributes C:\Users\sihora\AppData\Local\Google\Chrome\User Data\Crashpad\attachments\e126df21-6967-43c1-bede-252f123df81c: The system cannot find the path specified. (0x3)
[0104/135733.221:ERROR:filesystem_win.cc(129)] GetFileAttributes C:\Users\sihora\AppData\Local\Google\Chrome\User Data\Crashpad\attachments\0dccddf8-e797-41cc-b113-7f9969ceecd7: The system cannot find the path specified. (0x3)
[0104/135733.231:ERROR:filesystem_win.cc(129)] GetFileAttributes C:\Users\sihora\AppData\Local\Google\Chrome\User Data\Crashpad\attachments\bbbcc7a3-4c9c-4fda-abff-18311775fda9: The system cannot find the path specified. (0x3)
[0104/135733.238:ERROR:filesystem_win.cc(129)] GetFileAttributes C:\Users\sihora\AppData\Local\Google\Chrome\User Data\Crashpad\attachments\0cc8f2d3-e316-4954-a899-3012b3d00f2d: The system cannot find the path specified. (0x3)
[0104/135733.341:ERROR:filesystem_win.cc(129)] GetFileAttributes C:\Users\sihora\AppData\Local\Google\Chrome\User Data\Crashpad\attachments\f390f456-a1e6-4f98-b8df-75ce50b8e0f6: The system cannot find the path specified. (0x3)
[0104/135734.156:ERROR:filesystem_win.cc(129)] GetFileAttributes C:\Users\sihora\AppData\Local\Google\Chrome\User Data\Crashpad\attachments\d57efa9f-ad4b-4e16-b43d-8bf0cdf4562a: The system cannot find the path specified. (0x3)
[0104/135734.166:ERROR:filesystem_win.cc(129)] GetFileAttributes C:\Users\sihora\AppData\Local\Google\Chrome\User Data\Crashpad\attachments\d871b632-a1da-4715-8161-eb1a2d43994a: The system cannot find the path specified. (0x3)
[0104/135734.173:ERROR:filesystem_win.cc(129)] GetFileAttributes C:\Users\sihora\AppData\Local\Google\Chrome\User Data\Crashpad\attachments\b0e24600-ba67-419f-b00b-4e9631957684: The system cannot find the path specified. (0x3)
[0104/140837.399:ERROR:directory_reader_win.cc(43)] FindFirstFile: The system cannot find the path specified. (0x3)
